{
  "stats": {
    "suites": 4,
    "tests": 6,
    "passes": 3,
    "pending": 0,
    "failures": 3,
    "start": "2024-02-25T19:50:05.233Z",
    "end": "2024-02-25T19:50:36.376Z",
    "duration": 31143,
    "testsRegistered": 6,
    "passPercent": 50,
    "pendingPercent": 0,
    "other": 0,
    "hasOther": false,
    "skipped": 0,
    "hasSkipped": false
  },
  "results": [
    {
      "uuid": "e1900a10-eebb-42d5-a9af-05c3736f2654",
      "title": "",
      "fullFile": "",
      "file": "",
      "beforeHooks": [],
      "afterHooks": [],
      "tests": [],
      "suites": [
        {
          "uuid": "b0fc7a74-d53b-4813-8a38-b3d32c63959e",
          "title": "Petrol",
          "fullFile": "C:\\Users\\berk\\Desktop\\StockmatketPrediction\\StockMarketPrediction\\test\\Prediction.js",
          "file": "\\test\\Prediction.js",
          "beforeHooks": [],
          "afterHooks": [],
          "tests": [],
          "suites": [
            {
              "uuid": "3dc6f6d5-92ad-45a5-bb5d-cf3c319ac448",
              "title": "TUPRS",
              "fullFile": "C:\\Users\\berk\\Desktop\\StockmatketPrediction\\StockMarketPrediction\\test\\Prediction.js",
              "file": "\\test\\Prediction.js",
              "beforeHooks": [],
              "afterHooks": [],
              "tests": [
                {
                  "title": "fiyatKazancOrani",
                  "fullTitle": "Petrol TUPRS fiyatKazancOrani",
                  "timedOut": null,
                  "duration": 7040,
                  "state": "passed",
                  "speed": "slow",
                  "pass": true,
                  "fail": false,
                  "pending": false,
                  "context": "\"fiyatKazancOrani < fiyatKazancOraniEsik true TUPRS\"",
                  "code": "let driver = await new Builder().forBrowser('chrome').build();\n\nawait driver.get(`https://fintables.com/sirketler/${stock}/finansal-tablolar/bilanco`); \nconsole.log(stock);\nlet Dönem_Net_Kar_Zararı_value=parseInt(await Dönem_Net_Kar_Zararı(driver,stock));\nlet Toplam_Kısa_Vadeli_Yükümlülükler_value=parseInt(await Toplam_Kısa_Vadeli_Yükümlülükler(driver,stock));\nlet Toplam_Uzun_Vadeli_Yükümlülükler_value=parseInt(await Toplam_Uzun_Vadeli_Yükümlülükler(driver,stock));\nlet Nakit_ve_Nakit_Benzerleri_value=parseInt(await Nakit_ve_Nakit_Benzerleri(driver,stock));\nlet tüm_borçlar=Toplam_Kısa_Vadeli_Yükümlülükler_value+Toplam_Uzun_Vadeli_Yükümlülükler_value;\nconsole.log(\"Toplam_Kısa_Vadeli_Yükümlülükler_value+Toplam_Uzun_Vadeli_Yükümlülükler_value=tümborçlar:\",tüm_borçlar);\n      \nlet fiyatKazancOrani = Nakit_ve_Nakit_Benzerleri_value / Dönem_Net_Kar_Zararı_value;\nconsole.log(\" Nakit_ve_Nakit_Benzerleri_value / Dönem_Net_Kar_Zararı_value=fiyat kazanç oranı:\",fiyatKazancOrani);\n      \nconst fiyatKazancOraniEsik = 15;//bu bence çok yüksek bir oran\nif (fiyatKazancOrani < fiyatKazancOraniEsik) { //düzenlenecek\n  addContext(this, `fiyatKazancOrani < fiyatKazancOraniEsik true ${stock}`);\n\n}\nelse{\n  fiyatKazancOrani=`fiyatKazancOrani < fiyatKazancOraniEsik false ${stock}`;\n}\n      \n        \nawait driver.quit();",
                  "err": {},
                  "uuid": "60171b6a-c106-4512-96e8-75ecd3e3eb3c",
                  "parentUUID": null,
                  "isHook": false,
                  "skipped": false
                },
                {
                  "title": "borcOzkaynakOrani",
                  "fullTitle": "Petrol TUPRS borcOzkaynakOrani",
                  "timedOut": null,
                  "duration": 7411,
                  "state": "passed",
                  "speed": "slow",
                  "pass": true,
                  "fail": false,
                  "pending": false,
                  "context": null,
                  "code": "let driver = await new Builder().forBrowser('chrome').build();\n            await driver.get(`https://fintables.com/sirketler/${stock}/finansal-tablolar/bilanco`); \n            driver.manage().window().maximize();\n            let toplam_oazkayank_value=parseInt(await toplam_oazkayank(driver,stock));\n            let Toplam_Kısa_Vadeli_Yükümlülükler_value=parseInt(await Toplam_Kısa_Vadeli_Yükümlülükler(driver,stock));\n            let Toplam_Uzun_Vadeli_Yükümlülükler_value=parseInt(await Toplam_Uzun_Vadeli_Yükümlülükler(driver,stock));\n            let borcOzkaynakOrani = Toplam_Kısa_Vadeli_Yükümlülükler_value + Toplam_Uzun_Vadeli_Yükümlülükler_value / toplam_oazkayank_value;\n        \n            const borcOzkaynakOraniEsik = 1;\n        \n            if (borcOzkaynakOrani < borcOzkaynakOraniEsik) {\n              console.log(`borcOzkaynakOrani < borcOzkaynakOraniEsik true ${stock}`);\n            }\n            else{\n              console.log(`borcOzkaynakOrani < borcOzkaynakOraniEsik false ${stock}`);\n            }\n        \n            await driver.quit();",
                  "err": {},
                  "uuid": "fe634fec-7090-4c72-ae76-6a991a7944db",
                  "parentUUID": null,
                  "isHook": false,
                  "skipped": false
                },
                {
                  "title": "likitoran",
                  "fullTitle": "Petrol TUPRS likitoran",
                  "timedOut": null,
                  "duration": 5613,
                  "state": "passed",
                  "speed": "slow",
                  "pass": true,
                  "fail": false,
                  "pending": false,
                  "context": null,
                  "code": "let driver = await new Builder().forBrowser('chrome').build();\n          await driver.get(`https://fintables.com/sirketler/${stock}/finansal-tablolar/bilanco`); \n          driver.manage().window().maximize();\n          let Toplam_Kısa_Vadeli_Yükümlülükler_value=parseInt(await Toplam_Kısa_Vadeli_Yükümlülükler(driver,stock));\n          let Nakit_ve_Nakit_Benzerleri_value=parseInt(await Nakit_ve_Nakit_Benzerleri(driver,stock));\n          let ticari_alacaklar_value=parseInt(await ticari_alacaklar(driver,stock));\n          const likitOranEsik = 2;\n        \n          let likitoran=(Nakit_ve_Nakit_Benzerleri_value+ticari_alacaklar_value)/Toplam_Kısa_Vadeli_Yükümlülükler_value;\n          \n          if(likitOranEsik < likitoran){\n            console.log(`likitOranEsik < likitoran true ${stock}`);\n          }\n          else{\n            console.log(`likitOranEsik < likitoran false${stock}`);\n          }\n          addContext(`Likit oran, bir şirketin kısa vadeli borçlarını ödeme yeteneğini gösteren bir finansal orandır`);\n          await driver.quit();",
                  "err": {},
                  "uuid": "f62724e3-e1dd-4e74-9004-972b010362d6",
                  "parentUUID": null,
                  "isHook": false,
                  "skipped": false
                }
              ],
              "suites": [],
              "passes": [
                "60171b6a-c106-4512-96e8-75ecd3e3eb3c",
                "fe634fec-7090-4c72-ae76-6a991a7944db",
                "f62724e3-e1dd-4e74-9004-972b010362d6"
              ],
              "failures": [],
              "pending": [],
              "skipped": [],
              "duration": 20064,
              "root": false,
              "rootEmpty": false,
              "_timeout": null
            }
          ],
          "passes": [],
          "failures": [],
          "pending": [],
          "skipped": [],
          "duration": 0,
          "root": false,
          "rootEmpty": false,
          "_timeout": null
        },
        {
          "uuid": "583920f1-2fb5-464a-8029-5e63ecb1bf19",
          "title": "demir çelik",
          "fullFile": "C:\\Users\\berk\\Desktop\\StockmatketPrediction\\StockMarketPrediction\\test\\Prediction.js",
          "file": "\\test\\Prediction.js",
          "beforeHooks": [],
          "afterHooks": [],
          "tests": [],
          "suites": [
            {
              "uuid": "21ed25fa-09b2-4253-b6c2-f145b06f71bd",
              "title": "KCAER",
              "fullFile": "C:\\Users\\berk\\Desktop\\StockmatketPrediction\\StockMarketPrediction\\test\\Prediction.js",
              "file": "\\test\\Prediction.js",
              "beforeHooks": [],
              "afterHooks": [],
              "tests": [
                {
                  "title": "fiyatKazancOrani",
                  "fullTitle": "demir çelik KCAER fiyatKazancOrani",
                  "timedOut": null,
                  "duration": 3722,
                  "state": "failed",
                  "speed": null,
                  "pass": false,
                  "fail": true,
                  "pending": false,
                  "context": null,
                  "code": "let driver = await new Builder().forBrowser('chrome').build();\n\nawait driver.get(`https://fintables.com/sirketler/${stock}/finansal-tablolar/bilanco`); \nconsole.log(stock);\nlet Dönem_Net_Kar_Zararı_value=parseInt(await Dönem_Net_Kar_Zararı(driver,stock));\nlet Toplam_Kısa_Vadeli_Yükümlülükler_value=parseInt(await Toplam_Kısa_Vadeli_Yükümlülükler(driver,stock));\nlet Toplam_Uzun_Vadeli_Yükümlülükler_value=parseInt(await Toplam_Uzun_Vadeli_Yükümlülükler(driver,stock));\nlet Nakit_ve_Nakit_Benzerleri_value=parseInt(await Nakit_ve_Nakit_Benzerleri(driver,stock));\nlet tüm_borçlar=Toplam_Kısa_Vadeli_Yükümlülükler_value+Toplam_Uzun_Vadeli_Yükümlülükler_value;\nconsole.log(\"Toplam_Kısa_Vadeli_Yükümlülükler_value+Toplam_Uzun_Vadeli_Yükümlülükler_value=tümborçlar:\",tüm_borçlar);\n    \nlet fiyatKazancOrani = Nakit_ve_Nakit_Benzerleri_value / Dönem_Net_Kar_Zararı_value;\nconsole.log(\" Nakit_ve_Nakit_Benzerleri_value / Dönem_Net_Kar_Zararı_value=fiyat kazanç oranı:\",fiyatKazancOrani);\n    \nconst fiyatKazancOraniEsik = 15;//bu bence çok yüksek bir oran\nif (fiyatKazancOrani < fiyatKazancOraniEsik) { //düzenlenecek\n  addContext(this, `fiyatKazancOrani < fiyatKazancOraniEsik true ${stock}`);\n\n}\nelse{\n  fiyatKazancOrani=`fiyatKazancOrani < fiyatKazancOraniEsik false ${stock}`;\n}\n    \n      \nawait driver.quit();",
                  "err": {
                    "message": "NoSuchElementError: no such element: Unable to locate element: {\"method\":\"xpath\",\"selector\":\"//*[@id=\"KCAER\"]/div[5]/div[1]/div/main/div/div/div[3]/div[4]/table[2]/tbody[3]/tr[11]/td[2]/div/span[2]\"}\n  (Session info: chrome=122.0.6261.69)",
                    "estack": "NoSuchElementError: no such element: Unable to locate element: {\"method\":\"xpath\",\"selector\":\"//*[@id=\"KCAER\"]/div[5]/div[1]/div/main/div/div/div[3]/div[4]/table[2]/tbody[3]/tr[11]/td[2]/div/span[2]\"}\n  (Session info: chrome=122.0.6261.69)\n    at Object.throwDecodedError (node_modules\\selenium-webdriver\\lib\\error.js:524:15)\n    at parseHttpResponse (node_modules\\selenium-webdriver\\lib\\http.js:601:13)\n    at Executor.execute (node_modules\\selenium-webdriver\\lib\\http.js:529:28)\n    at process.processTicksAndRejections (node:internal/process/task_queues:95:5)\n    at async Driver.execute (node_modules\\selenium-webdriver\\lib\\webdriver.js:745:17)\n    at async Toplam_Kısa_Vadeli_Yükümlülükler (test\\financial_statement_values.js:38:48)\n    at async Context.<anonymous> (test\\Prediction.js:130:61)",
                    "diff": null
                  },
                  "uuid": "0315afe3-2c83-41e2-add1-8897390c56e4",
                  "parentUUID": null,
                  "isHook": false,
                  "skipped": false
                },
                {
                  "title": "borcOzkaynakOrani",
                  "fullTitle": "demir çelik KCAER borcOzkaynakOrani",
                  "timedOut": null,
                  "duration": 4383,
                  "state": "failed",
                  "speed": null,
                  "pass": false,
                  "fail": true,
                  "pending": false,
                  "context": null,
                  "code": "let driver = await new Builder().forBrowser('chrome').build();\n          await driver.get(`https://fintables.com/sirketler/${stock}/finansal-tablolar/bilanco`); \n          driver.manage().window().maximize();\n          let toplam_oazkayank_value=parseInt(await toplam_oazkayank(driver,stock));\n          let Toplam_Kısa_Vadeli_Yükümlülükler_value=parseInt(await Toplam_Kısa_Vadeli_Yükümlülükler(driver,stock));\n          let Toplam_Uzun_Vadeli_Yükümlülükler_value=parseInt(await Toplam_Uzun_Vadeli_Yükümlülükler(driver,stock));\n          let borcOzkaynakOrani = Toplam_Kısa_Vadeli_Yükümlülükler_value + Toplam_Uzun_Vadeli_Yükümlülükler_value / toplam_oazkayank_value;\n      \n          const borcOzkaynakOraniEsik = 1;\n      \n          if (borcOzkaynakOrani < borcOzkaynakOraniEsik) {\n            console.log(`borcOzkaynakOrani < borcOzkaynakOraniEsik true ${stock}`);\n          }\n          else{\n            console.log(`borcOzkaynakOrani < borcOzkaynakOraniEsik false ${stock}`);\n          }\n      \n          await driver.quit();",
                  "err": {
                    "message": "NoSuchElementError: no such element: Unable to locate element: {\"method\":\"xpath\",\"selector\":\"//*[@id=\"KCAER\"]/div[5]/div[1]/div/main/div/div/div[3]/div[4]/table[2]/tbody[3]/tr[11]/td[2]/div/span[2]\"}\n  (Session info: chrome=122.0.6261.69)",
                    "estack": "NoSuchElementError: no such element: Unable to locate element: {\"method\":\"xpath\",\"selector\":\"//*[@id=\"KCAER\"]/div[5]/div[1]/div/main/div/div/div[3]/div[4]/table[2]/tbody[3]/tr[11]/td[2]/div/span[2]\"}\n  (Session info: chrome=122.0.6261.69)\n    at Object.throwDecodedError (node_modules\\selenium-webdriver\\lib\\error.js:524:15)\n    at parseHttpResponse (node_modules\\selenium-webdriver\\lib\\http.js:601:13)\n    at Executor.execute (node_modules\\selenium-webdriver\\lib\\http.js:529:28)\n    at process.processTicksAndRejections (node:internal/process/task_queues:95:5)\n    at async Driver.execute (node_modules\\selenium-webdriver\\lib\\webdriver.js:745:17)\n    at async Toplam_Kısa_Vadeli_Yükümlülükler (test\\financial_statement_values.js:38:48)\n    at async Context.<anonymous> (test\\Prediction.js:167:63)",
                    "diff": null
                  },
                  "uuid": "b33eca86-0254-4a15-9067-cb36f6d0f62f",
                  "parentUUID": null,
                  "isHook": false,
                  "skipped": false
                },
                {
                  "title": "likitoran",
                  "fullTitle": "demir çelik KCAER likitoran",
                  "timedOut": null,
                  "duration": 2674,
                  "state": "failed",
                  "speed": null,
                  "pass": false,
                  "fail": true,
                  "pending": false,
                  "context": null,
                  "code": "let driver = await new Builder().forBrowser('chrome').build();\n        await driver.get(`https://fintables.com/sirketler/${stock}/finansal-tablolar/bilanco`); \n        driver.manage().window().maximize();\n        let Toplam_Kısa_Vadeli_Yükümlülükler_value=parseInt(await Toplam_Kısa_Vadeli_Yükümlülükler(driver,stock));\n        let Nakit_ve_Nakit_Benzerleri_value=parseInt(await Nakit_ve_Nakit_Benzerleri(driver,stock));\n        let ticari_alacaklar_value=parseInt(await ticari_alacaklar(driver,stock));\n        const likitOranEsik = 2;\n      \n        let likitoran=(Nakit_ve_Nakit_Benzerleri_value+ticari_alacaklar_value)/Toplam_Kısa_Vadeli_Yükümlülükler_value;\n        \n        if(likitOranEsik < likitoran){\n          console.log(`likitOranEsik < likitoran true ${stock}`);\n        }\n        else{\n          console.log(`likitOranEsik < likitoran false${stock}`);\n        }\n        addContext(`Likit oran, bir şirketin kısa vadeli borçlarını ödeme yeteneğini gösteren bir finansal orandır`);\n        await driver.quit();",
                  "err": {
                    "message": "NoSuchElementError: no such element: Unable to locate element: {\"method\":\"xpath\",\"selector\":\"//*[@id=\"KCAER\"]/div[5]/div[1]/div/main/div/div/div[3]/div[4]/table[2]/tbody[3]/tr[11]/td[2]/div/span[2]\"}\n  (Session info: chrome=122.0.6261.69)",
                    "estack": "NoSuchElementError: no such element: Unable to locate element: {\"method\":\"xpath\",\"selector\":\"//*[@id=\"KCAER\"]/div[5]/div[1]/div/main/div/div/div[3]/div[4]/table[2]/tbody[3]/tr[11]/td[2]/div/span[2]\"}\n  (Session info: chrome=122.0.6261.69)\n    at Object.throwDecodedError (node_modules\\selenium-webdriver\\lib\\error.js:524:15)\n    at parseHttpResponse (node_modules\\selenium-webdriver\\lib\\http.js:601:13)\n    at Executor.execute (node_modules\\selenium-webdriver\\lib\\http.js:529:28)\n    at process.processTicksAndRejections (node:internal/process/task_queues:95:5)\n    at async Driver.execute (node_modules\\selenium-webdriver\\lib\\webdriver.js:745:17)\n    at async Toplam_Kısa_Vadeli_Yükümlülükler (test\\financial_statement_values.js:38:48)\n    at async Context.<anonymous> (test\\Prediction.js:194:61)",
                    "diff": null
                  },
                  "uuid": "4a411733-d802-45c6-8b08-b21073cc2a2e",
                  "parentUUID": null,
                  "isHook": false,
                  "skipped": false
                }
              ],
              "suites": [],
              "passes": [],
              "failures": [
                "0315afe3-2c83-41e2-add1-8897390c56e4",
                "b33eca86-0254-4a15-9067-cb36f6d0f62f",
                "4a411733-d802-45c6-8b08-b21073cc2a2e"
              ],
              "pending": [],
              "skipped": [],
              "duration": 10779,
              "root": false,
              "rootEmpty": false,
              "_timeout": null
            }
          ],
          "passes": [],
          "failures": [],
          "pending": [],
          "skipped": [],
          "duration": 0,
          "root": false,
          "rootEmpty": false,
          "_timeout": null
        }
      ],
      "passes": [],
      "failures": [],
      "pending": [],
      "skipped": [],
      "duration": 0,
      "root": true,
      "rootEmpty": true,
      "_timeout": 0
    }
  ],
  "meta": {
    "mocha": {
      "version": "10.2.0"
    },
    "mochawesome": {
      "options": {
        "quiet": false,
        "reportFilename": "mochawesome",
        "saveHtml": true,
        "saveJson": true,
        "consoleReporter": "spec",
        "useInlineDiffs": false,
        "code": true
      },
      "version": "7.1.3"
    },
    "marge": {
      "options": {
        "enableCode": "false"
      },
      "version": "6.2.0"
    }
  }
}