{
  "stats": {
    "suites": 2,
    "tests": 2,
    "passes": 2,
    "pending": 0,
    "failures": 0,
    "start": "2024-02-22T09:03:03.528Z",
    "end": "2024-02-22T09:03:05.607Z",
    "duration": 2079,
    "testsRegistered": 2,
    "passPercent": 100,
    "pendingPercent": 0,
    "other": 0,
    "hasOther": false,
    "skipped": 0,
    "hasSkipped": false
  },
  "results": [
    {
      "uuid": "42ccd1d3-dab6-47bb-9433-c49a6ee6a74b",
      "title": "",
      "fullFile": "C:\\Users\\berk\\Desktop\\StockmatketPrediction\\StockMarketPrediction\\test\\Prediction.js",
      "file": "\\test\\Prediction.js",
      "beforeHooks": [],
      "afterHooks": [],
      "tests": [],
      "suites": [
        {
          "uuid": "f33f07f9-13ff-4ed8-b973-6be532de7aa1",
          "title": "Stockmarket",
          "fullFile": "C:\\Users\\berk\\Desktop\\StockmatketPrediction\\StockMarketPrediction\\test\\Prediction.js",
          "file": "\\test\\Prediction.js",
          "beforeHooks": [],
          "afterHooks": [],
          "tests": [],
          "suites": [
            {
              "uuid": "cebcbc2c-432f-4954-8b95-f426fb241812",
              "title": "TUPRS",
              "fullFile": "C:\\Users\\berk\\Desktop\\StockmatketPrediction\\StockMarketPrediction\\test\\Prediction.js",
              "file": "\\test\\Prediction.js",
              "beforeHooks": [],
              "afterHooks": [],
              "tests": [
                {
                  "title": "fiyatKazancOrani",
                  "fullTitle": "Stockmarket TUPRS fiyatKazancOrani",
                  "timedOut": null,
                  "duration": 1618,
                  "state": "passed",
                  "speed": "slow",
                  "pass": true,
                  "fail": false,
                  "pending": false,
                  "context": null,
                  "code": "let driver = await new Builder().forBrowser('chrome').build();\n        try {\n          await driver.get(`https://fintables.com/sirketler/${stock}/finansal-tablolar/bilanco`); \n          driver.manage().window().maximize();\n      \n          await new Promise(resolve => setTimeout(resolve, 1000));\n      \n          const toplam_ozkaynak=await driver.findElement(By.xpath(`//*[@id=\"TUPRS\"]/div[5]/div[1]/div/main/div/div/div[3]/div[4]/table[2]/tbody[5]/tr[12]/td[2]/div/span[2]`));\n          toplam_ozkaynak.getText().then(result => {\n            toplam_oazkayank_value=result;\n              })\n          await new Promise(resolve => setTimeout(resolve, 1000));\n      \n          let Dönem_Net_Kar_Zararı_value;\n          const Dönem_Net_Kar_Zararı=await driver.findElement(By.xpath(`//*[@id=\"TUPRS\"]/div[5]/div[1]/div/main/div/div/div[3]/div[4]/table[2]/tbody[5]/tr[10]/td[2]/div/span[2]`));\n          Dönem_Net_Kar_Zararı.getText().then(result => {\n            Dönem_Net_Kar_Zararı_value=result;\n              })\n          await new Promise(resolve => setTimeout(resolve, 1000));\n      \n          let Toplam_Kısa_Vadeli_Yükümlülükler_value;\n          const Toplam_Kısa_Vadeli_Yükümlülükler=await driver.findElement(By.xpath(`//*[@id=\"TUPRS\"]/div[5]/div[1]/div/main/div/div/div[3]/div[4]/table[2]/tbody[3]/tr[11]/td[2]/div/span[2]`));\n          Toplam_Kısa_Vadeli_Yükümlülükler.getText().then(result => {\n            Toplam_Kısa_Vadeli_Yükümlülükler_value=result;\n              })\n          await new Promise(resolve => setTimeout(resolve, 1000));\n      \n          let Toplam_Uzun_Vadeli_Yükümlülükler_value;\n          const Toplam_Uzun_Vadeli_Yükümlülükler=await driver.findElement(By.xpath(`//*[@id=\"TUPRS\"]/div[5]/div[1]/div/main/div/div/div[3]/div[4]/table[2]/tbody[3]/tr[11]/td[2]/div/span[2]`));\n          Toplam_Uzun_Vadeli_Yükümlülükler.getText().then(result => {\n            Toplam_Uzun_Vadeli_Yükümlülükler_value=result;\n              })\n          await new Promise(resolve => setTimeout(resolve, 1000));\n      \n          let Nakit_ve_Nakit_Benzerleri_value;\n          const Nakit_ve_Nakit_Benzerleri =await driver.findElement(By.xpath(`//*[@id=\"TUPRS\"]/div[5]/div[1]/div/main/div/div/div[3]/div[4]/table[2]/tbody[1]/tr[2]/td[2]/div/span[2]`));\n          Nakit_ve_Nakit_Benzerleri.getText().then(result => {\n            Nakit_ve_Nakit_Benzerleri_value=result;\n              })\n          await new Promise(resolve => setTimeout(resolve, 1000));\n                          \n          let ticari_alacaklar_value;\n          const ticari_alacaklar=await driver.findElement(By.xpath(`//*[@id=\"TUPRS\"]/div[5]/div[1]/div/main/div/div/div[3]/div[4]/table[2]/tbody[1]/tr[4]/td[2]/div/span[2]`));\n          ticari_alacaklar.getText().then(result => {\n            ticari_alacaklar_value=result;\n              })\n          await new Promise(resolve => setTimeout(resolve, 1000));\n      \n      \n          toplam_oazkayank_value=parseInt(toplam_oazkayank_value);\n          Dönem_Net_Kar_Zararı_value=parseInt(Dönem_Net_Kar_Zararı_value);\n          Toplam_Kısa_Vadeli_Yükümlülükler_value=parseInt(Toplam_Kısa_Vadeli_Yükümlülükler_value);\n          Toplam_Uzun_Vadeli_Yükümlülükler_value=parseInt(Toplam_Uzun_Vadeli_Yükümlülükler_value);\n          Nakit_ve_Nakit_Benzerleri_value=parseInt(Nakit_ve_Nakit_Benzerleri_value);\n          ticari_alacaklar_value=parseInt(ticari_alacaklar_value)\n      \n          let tüm_borçlar=Toplam_Kısa_Vadeli_Yükümlülükler_value+Toplam_Uzun_Vadeli_Yükümlülükler_value;\n          console.log(\"Toplam_Kısa_Vadeli_Yükümlülükler_value+Toplam_Uzun_Vadeli_Yükümlülükler_value=tümborçlar:\",tüm_borçlar);\n      \n          fiyatKazancOrani = Nakit_ve_Nakit_Benzerleri_value / Dönem_Net_Kar_Zararı_value;\n          console.log(\" Nakit_ve_Nakit_Benzerleri_value / Dönem_Net_Kar_Zararı_value=fiyat kazanç oranı:\",fiyatKazancOrani);\n      \n          const fiyatKazancOraniEsik = 15;//bu bence çok yüksek bir oran\n          if (fiyatKazancOrani < fiyatKazancOraniEsik) { //düzenlenecek\n            console.log();\n            addContext(this, `fiyatKazancOrani < fiyatKazancOraniEsik true ${stock}`);\n            fiyatKazancOrani=`fiyatKazancOrani < fiyatKazancOraniEsik true ${stock}`;\n            ss=\"ws\";\n          }\n          else{\n            console.log(`fiyatKazancOrani < fiyatKazancOraniEsik false ${stock}`);\n            fiyatKazancOrani=`fiyatKazancOrani < fiyatKazancOraniEsik false ${stock}`;\n          }\n      \n          let borcOzkaynakOrani = Toplam_Kısa_Vadeli_Yükümlülükler_value + Toplam_Uzun_Vadeli_Yükümlülükler_value / toplam_oazkayank_value;\n      \n          const borcOzkaynakOraniEsik = 0.5;\n      \n          if (borcOzkaynakOrani < borcOzkaynakOraniEsik) {\n            console.log(`borcOzkaynakOrani < borcOzkaynakOraniEsik true ${stock}`);\n          }\n          else{\n            console.log(`borcOzkaynakOrani < borcOzkaynakOraniEsik false ${stock}`);\n          }\n      \n          const likitOranEsik = 2;\n          \n          let likitoran=(Nakit_ve_Nakit_Benzerleri_value+ticari_alacaklar_value)/Toplam_Kısa_Vadeli_Yükümlülükler_value;\n          \n          //Likit oran, bir şirketin kısa vadeli borçlarını ödeme yeteneğini gösteren bir finansal orandır. \n          \n          if(likitOranEsik < likitoran){\n            console.log(`likitOranEsik < likitoran true ${stock}`);\n          }\n          else{\n            console.log(`likitOranEsik < likitoran false${stock}`);\n          }\n          \n         it(String(\"fiyatKazancOrani\"), async function(){})\n          await driver.quit();\n      }\n      catch(err) {\n          console.log(err);\n          driver.quit();\n      }",
                  "err": {},
                  "uuid": "7a6ed318-be89-4b02-aaf9-fc8fb028a10c",
                  "parentUUID": null,
                  "isHook": false,
                  "skipped": false
                },
                {
                  "title": "aa",
                  "fullTitle": "Stockmarket TUPRS aa",
                  "timedOut": null,
                  "duration": 1,
                  "state": "passed",
                  "speed": "fast",
                  "pass": true,
                  "fail": false,
                  "pending": false,
                  "context": null,
                  "code": "",
                  "err": {},
                  "uuid": "aec659d7-c639-47e5-8bbf-32915362c0df",
                  "parentUUID": null,
                  "isHook": false,
                  "skipped": false
                }
              ],
              "suites": [],
              "passes": [
                "7a6ed318-be89-4b02-aaf9-fc8fb028a10c",
                "aec659d7-c639-47e5-8bbf-32915362c0df"
              ],
              "failures": [],
              "pending": [],
              "skipped": [],
              "duration": 1619,
              "root": false,
              "rootEmpty": false,
              "_timeout": null
            }
          ],
          "passes": [],
          "failures": [],
          "pending": [],
          "skipped": [],
          "duration": 0,
          "root": false,
          "rootEmpty": false,
          "_timeout": null
        }
      ],
      "passes": [],
      "failures": [],
      "pending": [],
      "skipped": [],
      "duration": 0,
      "root": true,
      "rootEmpty": true,
      "_timeout": 0
    }
  ],
  "meta": {
    "mocha": {
      "version": "10.2.0"
    },
    "mochawesome": {
      "options": {
        "quiet": false,
        "reportFilename": "mochawesome",
        "saveHtml": true,
        "saveJson": true,
        "consoleReporter": "spec",
        "useInlineDiffs": false,
        "code": true
      },
      "version": "7.1.3"
    },
    "marge": {
      "options": {
        "enableCode": "false"
      },
      "version": "6.2.0"
    }
  }
}