{
  "stats": {
    "suites": 4,
    "tests": 7,
    "passes": 1,
    "pending": 0,
    "failures": 6,
    "start": "2024-02-25T19:07:20.878Z",
    "end": "2024-02-25T19:07:54.339Z",
    "duration": 33461,
    "testsRegistered": 7,
    "passPercent": 14.285714285714285,
    "pendingPercent": 0,
    "other": 0,
    "hasOther": false,
    "skipped": 0,
    "hasSkipped": false
  },
  "results": [
    {
      "uuid": "3b4374b3-bdc5-4a00-9ba4-3b30b102f077",
      "title": "",
      "fullFile": "",
      "file": "",
      "beforeHooks": [],
      "afterHooks": [],
      "tests": [],
      "suites": [
        {
          "uuid": "65abad6a-caf4-4aba-a6eb-8bfea863aa7e",
          "title": "Petrol",
          "fullFile": "C:\\Users\\berk\\Desktop\\StockmatketPrediction\\StockMarketPrediction\\test\\Prediction.js",
          "file": "\\test\\Prediction.js",
          "beforeHooks": [],
          "afterHooks": [],
          "tests": [],
          "suites": [
            {
              "uuid": "6fb28ecc-604f-47f2-b76b-a3f9e2e61a1e",
              "title": "TUPRS",
              "fullFile": "C:\\Users\\berk\\Desktop\\StockmatketPrediction\\StockMarketPrediction\\test\\Prediction.js",
              "file": "\\test\\Prediction.js",
              "beforeHooks": [],
              "afterHooks": [],
              "tests": [
                {
                  "title": "make sure the data",
                  "fullTitle": "Petrol TUPRS make sure the data",
                  "timedOut": null,
                  "duration": 3023,
                  "state": "failed",
                  "speed": null,
                  "pass": false,
                  "fail": true,
                  "pending": false,
                  "context": null,
                  "code": "let driver = await new Builder().forBrowser('chrome').build();\n        await driver.get(`https://fintables.com/sirketler/${stock}/finansal-tablolar/bilanco`); \n        driver.manage().window().maximize();\n        let toplam_oazkayank=parseInt(await toplam_oazkayank_value(driver));\n        \n        await driver.quit();",
                  "err": {
                    "message": "ReferenceError: toplam_oazkayank_value is not defined",
                    "estack": "ReferenceError: toplam_oazkayank_value is not defined\n    at Context.<anonymous> (test\\Prediction.js:26:39)\n    at process.processTicksAndRejections (node:internal/process/task_queues:95:5)",
                    "diff": null
                  },
                  "uuid": "3cca80fb-ac8a-4d14-9ee5-d505d943cf59",
                  "parentUUID": null,
                  "isHook": false,
                  "skipped": false
                },
                {
                  "title": "fiyatKazancOrani",
                  "fullTitle": "Petrol TUPRS fiyatKazancOrani",
                  "timedOut": null,
                  "duration": 9949,
                  "state": "passed",
                  "speed": "slow",
                  "pass": true,
                  "fail": false,
                  "pending": false,
                  "context": "\"fiyatKazancOrani < fiyatKazancOraniEsik true TUPRS\"",
                  "code": "let driver = await new Builder().forBrowser('chrome').build();\n        await driver.get(`https://fintables.com/sirketler/${stock}/finansal-tablolar/bilanco`); \n        let toplam_oazkayank_value=parseInt(await toplam_oazkayank(driver));\n        let Dönem_Net_Kar_Zararı_value=parseInt(await Dönem_Net_Kar_Zararı(driver));\n        let Toplam_Kısa_Vadeli_Yükümlülükler_value=parseInt(await Toplam_Kısa_Vadeli_Yükümlülükler(driver));\n        let Toplam_Uzun_Vadeli_Yükümlülükler_value=parseInt(await Toplam_Uzun_Vadeli_Yükümlülükler(driver));\n        let Nakit_ve_Nakit_Benzerleri_value=parseInt(await Nakit_ve_Nakit_Benzerleri(driver));\n        let ticari_alacaklar_value=parseInt(await ticari_alacaklar(driver));\n        let tüm_borçlar=Toplam_Kısa_Vadeli_Yükümlülükler_value+Toplam_Uzun_Vadeli_Yükümlülükler_value;\n        console.log(\"Toplam_Kısa_Vadeli_Yükümlülükler_value+Toplam_Uzun_Vadeli_Yükümlülükler_value=tümborçlar:\",tüm_borçlar);\n    \n        let fiyatKazancOrani = Nakit_ve_Nakit_Benzerleri_value / Dönem_Net_Kar_Zararı_value;\n        console.log(\" Nakit_ve_Nakit_Benzerleri_value / Dönem_Net_Kar_Zararı_value=fiyat kazanç oranı:\",fiyatKazancOrani);\n    \n        const fiyatKazancOraniEsik = 15;//bu bence çok yüksek bir oran\n        if (fiyatKazancOrani < fiyatKazancOraniEsik) { //düzenlenecek\n          addContext(this, `fiyatKazancOrani < fiyatKazancOraniEsik true ${stock}`);\n        }\n        else{\n          fiyatKazancOrani=`fiyatKazancOrani < fiyatKazancOraniEsik false ${stock}`;\n        }\n    \n      \n        await driver.quit();",
                  "err": {},
                  "uuid": "a77b389f-bdaa-4fb7-8438-52923eff2303",
                  "parentUUID": null,
                  "isHook": false,
                  "skipped": false
                },
                {
                  "title": "borcOzkaynakOrani",
                  "fullTitle": "Petrol TUPRS borcOzkaynakOrani",
                  "timedOut": null,
                  "duration": 1171,
                  "state": "failed",
                  "speed": null,
                  "pass": false,
                  "fail": true,
                  "pending": false,
                  "context": null,
                  "code": "let driver = await new Builder().forBrowser('chrome').build();\n          await driver.get(`https://fintables.com/sirketler/${stock}/finansal-tablolar/bilanco`); \n          driver.manage().window().maximize();\n          await toplam_oazkayank_value(driver);\n          await Toplam_Kısa_Vadeli_Yükümlülükler_value(driver);\n          await Toplam_Uzun_Vadeli_Yükümlülükler_value (driver);\n      \n          let toplam_oazkayank_value=parseInt(await toplam_oazkayank(driver));\n          let Toplam_Kısa_Vadeli_Yükümlülükler_value=parseInt(await Toplam_Kısa_Vadeli_Yükümlülükler(driver));\n          let Toplam_Uzun_Vadeli_Yükümlülükler_value=parseInt(await Toplam_Uzun_Vadeli_Yükümlülükler(driver));\n          let Nakit_ve_Nakit_Benzerleri_value=parseInt(await Nakit_ve_Nakit_Benzerleri(driver));\n          let borcOzkaynakOrani = Toplam_Kısa_Vadeli_Yükümlülükler_value + Toplam_Uzun_Vadeli_Yükümlülükler_value / toplam_oazkayank_value;\n      \n          const borcOzkaynakOraniEsik = 0.5;\n      \n          if (borcOzkaynakOrani < borcOzkaynakOraniEsik) {\n            console.log(`borcOzkaynakOrani < borcOzkaynakOraniEsik true ${stock}`);\n          }\n          else{\n            console.log(`borcOzkaynakOrani < borcOzkaynakOraniEsik false ${stock}`);\n          }\n      \n          await driver.quit();",
                  "err": {
                    "message": "ReferenceError: Cannot access 'toplam_oazkayank_value' before initialization",
                    "estack": "ReferenceError: Cannot access 'toplam_oazkayank_value' before initialization\n    at Context.<anonymous> (test\\Prediction.js:76:11)\n    at process.processTicksAndRejections (node:internal/process/task_queues:95:5)",
                    "diff": null
                  },
                  "uuid": "98e72aaa-d22e-4e3e-a0c7-afdb0bdebba6",
                  "parentUUID": null,
                  "isHook": false,
                  "skipped": false
                },
                {
                  "title": "likitoran",
                  "fullTitle": "Petrol TUPRS likitoran",
                  "timedOut": null,
                  "duration": 7823,
                  "state": "failed",
                  "speed": null,
                  "pass": false,
                  "fail": true,
                  "pending": false,
                  "context": null,
                  "code": "let driver = await new Builder().forBrowser('chrome').build();\n        await driver.get(`https://fintables.com/sirketler/${stock}/finansal-tablolar/bilanco`); \n        driver.manage().window().maximize();\n        let toplam_oazkayank_value=parseInt(await toplam_oazkayank(driver));\n        let Toplam_Kısa_Vadeli_Yükümlülükler_value=parseInt(await Toplam_Kısa_Vadeli_Yükümlülükler(driver));\n        let Toplam_Uzun_Vadeli_Yükümlülükler_value=parseInt(await Toplam_Uzun_Vadeli_Yükümlülükler(driver));\n        let Nakit_ve_Nakit_Benzerleri_value=parseInt(await Nakit_ve_Nakit_Benzerleri(driver));\n        const likitOranEsik = 2;\n        \n        let likitoran=(Nakit_ve_Nakit_Benzerleri_value+ticari_alacaklar_value)/Toplam_Kısa_Vadeli_Yükümlülükler_value;\n        addContext(`Likit oran, bir şirketin kısa vadeli borçlarını ödeme yeteneğini gösteren bir finansal orandır`);\n        \n        if(likitOranEsik < likitoran){\n          console.log(`likitOranEsik < likitoran true ${stock}`);\n        }\n        else{\n          console.log(`likitOranEsik < likitoran false${stock}`);\n        }\n        await driver.quit();",
                  "err": {
                    "message": "ReferenceError: ticari_alacaklar_value is not defined",
                    "estack": "ReferenceError: ticari_alacaklar_value is not defined\n    at Context.<anonymous> (test\\Prediction.js:115:56)",
                    "diff": null
                  },
                  "uuid": "a9f4485c-5f42-4ba7-873a-2fd7241fc5f8",
                  "parentUUID": null,
                  "isHook": false,
                  "skipped": false
                }
              ],
              "suites": [],
              "passes": [
                "a77b389f-bdaa-4fb7-8438-52923eff2303"
              ],
              "failures": [
                "3cca80fb-ac8a-4d14-9ee5-d505d943cf59",
                "98e72aaa-d22e-4e3e-a0c7-afdb0bdebba6",
                "a9f4485c-5f42-4ba7-873a-2fd7241fc5f8"
              ],
              "pending": [],
              "skipped": [],
              "duration": 21966,
              "root": false,
              "rootEmpty": false,
              "_timeout": null
            }
          ],
          "passes": [],
          "failures": [],
          "pending": [],
          "skipped": [],
          "duration": 0,
          "root": false,
          "rootEmpty": false,
          "_timeout": null
        },
        {
          "uuid": "91889f48-3d82-447d-a9dc-45d5c35ba5bb",
          "title": "demir çelik",
          "fullFile": "C:\\Users\\berk\\Desktop\\StockmatketPrediction\\StockMarketPrediction\\test\\Prediction.js",
          "file": "\\test\\Prediction.js",
          "beforeHooks": [],
          "afterHooks": [],
          "tests": [],
          "suites": [
            {
              "uuid": "b98e0169-edc6-4c55-af80-f80d00e42bb5",
              "title": "KCAER",
              "fullFile": "C:\\Users\\berk\\Desktop\\StockmatketPrediction\\StockMarketPrediction\\test\\Prediction.js",
              "file": "\\test\\Prediction.js",
              "beforeHooks": [],
              "afterHooks": [],
              "tests": [
                {
                  "title": "fiyatKazancOrani",
                  "fullTitle": "demir çelik KCAER fiyatKazancOrani",
                  "timedOut": null,
                  "duration": 4104,
                  "state": "failed",
                  "speed": null,
                  "pass": false,
                  "fail": true,
                  "pending": false,
                  "context": null,
                  "code": "let driver = await new Builder().forBrowser('chrome').build();\n      await driver.get(`https://fintables.com/sirketler/${stock}/finansal-tablolar/bilanco`); \n      let toplam_oazkayank_value=parseInt(await toplam_oazkayank(driver));\n      let Dönem_Net_Kar_Zararı_value=parseInt(await Dönem_Net_Kar_Zararı(driver));\n      let Toplam_Kısa_Vadeli_Yükümlülükler_value=parseInt(await Toplam_Kısa_Vadeli_Yükümlülükler(driver));\n      let Toplam_Uzun_Vadeli_Yükümlülükler_value=parseInt(await Toplam_Uzun_Vadeli_Yükümlülükler(driver));\n      let Nakit_ve_Nakit_Benzerleri_value=parseInt(await Nakit_ve_Nakit_Benzerleri(driver));\n      let ticari_alacaklar_value=parseInt(await ticari_alacaklar(driver));\n      let tüm_borçlar=Toplam_Kısa_Vadeli_Yükümlülükler_value+Toplam_Uzun_Vadeli_Yükümlülükler_value;\n      console.log(\"Toplam_Kısa_Vadeli_Yükümlülükler_value+Toplam_Uzun_Vadeli_Yükümlülükler_value=tümborçlar:\",tüm_borçlar);\n  \n      let fiyatKazancOrani = Nakit_ve_Nakit_Benzerleri_value / Dönem_Net_Kar_Zararı_value;\n      console.log(\" Nakit_ve_Nakit_Benzerleri_value / Dönem_Net_Kar_Zararı_value=fiyat kazanç oranı:\",fiyatKazancOrani);\n  \n      const fiyatKazancOraniEsik = 15;//bu bence çok yüksek bir oran\n      if (fiyatKazancOrani < fiyatKazancOraniEsik) { //düzenlenecek\n        addContext(this, `fiyatKazancOrani < fiyatKazancOraniEsik true ${stock}`);\n      }\n      else{\n        fiyatKazancOrani=`fiyatKazancOrani < fiyatKazancOraniEsik false ${stock}`;\n      }\n  \n    \n      await driver.quit();",
                  "err": {
                    "message": "NoSuchElementError: no such element: Unable to locate element: {\"method\":\"xpath\",\"selector\":\"//*[@id=\"TUPRS\"]/div[5]/div[1]/div/main/div/div/div[3]/div[4]/table[2]/tbody[5]/tr[12]/td[2]/div/span[2]\"}\n  (Session info: chrome=122.0.6261.69)",
                    "estack": "NoSuchElementError: no such element: Unable to locate element: {\"method\":\"xpath\",\"selector\":\"//*[@id=\"TUPRS\"]/div[5]/div[1]/div/main/div/div/div[3]/div[4]/table[2]/tbody[5]/tr[12]/td[2]/div/span[2]\"}\n  (Session info: chrome=122.0.6261.69)\n    at Object.throwDecodedError (node_modules\\selenium-webdriver\\lib\\error.js:524:15)\n    at parseHttpResponse (node_modules\\selenium-webdriver\\lib\\http.js:601:13)\n    at Executor.execute (node_modules\\selenium-webdriver\\lib\\http.js:529:28)\n    at process.processTicksAndRejections (node:internal/process/task_queues:95:5)\n    at async Driver.execute (node_modules\\selenium-webdriver\\lib\\webdriver.js:745:17)\n    at async toplam_oazkayank (test\\financial_statement_values.js:10:31)\n    at async Context.<anonymous> (test\\Prediction.js:147:43)",
                    "diff": null
                  },
                  "uuid": "994d7149-2d9f-4766-97ad-89711c7b7576",
                  "parentUUID": null,
                  "isHook": false,
                  "skipped": false
                },
                {
                  "title": "borcOzkaynakOrani",
                  "fullTitle": "demir çelik KCAER borcOzkaynakOrani",
                  "timedOut": null,
                  "duration": 2926,
                  "state": "failed",
                  "speed": null,
                  "pass": false,
                  "fail": true,
                  "pending": false,
                  "context": null,
                  "code": "let driver = await new Builder().forBrowser('chrome').build();\n        await driver.get(`https://fintables.com/sirketler/${stock}/finansal-tablolar/bilanco`); \n        driver.manage().window().maximize();\n        await toplam_oazkayank_value(driver);\n        await Toplam_Kısa_Vadeli_Yükümlülükler_value(driver);\n        await Toplam_Uzun_Vadeli_Yükümlülükler_value (driver);\n    \n        let toplam_oazkayank_value=parseInt(await toplam_oazkayank(driver));\n        let Toplam_Kısa_Vadeli_Yükümlülükler_value=parseInt(await Toplam_Kısa_Vadeli_Yükümlülükler(driver));\n        let Toplam_Uzun_Vadeli_Yükümlülükler_value=parseInt(await Toplam_Uzun_Vadeli_Yükümlülükler(driver));\n        let Nakit_ve_Nakit_Benzerleri_value=parseInt(await Nakit_ve_Nakit_Benzerleri(driver));\n        let borcOzkaynakOrani = Toplam_Kısa_Vadeli_Yükümlülükler_value + Toplam_Uzun_Vadeli_Yükümlülükler_value / toplam_oazkayank_value;\n    \n        const borcOzkaynakOraniEsik = 0.5;\n    \n        if (borcOzkaynakOrani < borcOzkaynakOraniEsik) {\n          console.log(`borcOzkaynakOrani < borcOzkaynakOraniEsik true ${stock}`);\n        }\n        else{\n          console.log(`borcOzkaynakOrani < borcOzkaynakOraniEsik false ${stock}`);\n        }\n    \n        await driver.quit();",
                  "err": {
                    "message": "ReferenceError: Cannot access 'toplam_oazkayank_value' before initialization",
                    "estack": "ReferenceError: Cannot access 'toplam_oazkayank_value' before initialization\n    at Context.<anonymous> (test\\Prediction.js:185:9)\n    at process.processTicksAndRejections (node:internal/process/task_queues:95:5)",
                    "diff": null
                  },
                  "uuid": "79049a8e-11fd-4c7f-8d7b-4bf21de8b066",
                  "parentUUID": null,
                  "isHook": false,
                  "skipped": false
                },
                {
                  "title": "likitoran",
                  "fullTitle": "demir çelik KCAER likitoran",
                  "timedOut": null,
                  "duration": 4165,
                  "state": "failed",
                  "speed": null,
                  "pass": false,
                  "fail": true,
                  "pending": false,
                  "context": null,
                  "code": "let driver = await new Builder().forBrowser('chrome').build();\n      await driver.get(`https://fintables.com/sirketler/${stock}/finansal-tablolar/bilanco`); \n      driver.manage().window().maximize();\n      let toplam_oazkayank_value=parseInt(await toplam_oazkayank(driver));\n      let Toplam_Kısa_Vadeli_Yükümlülükler_value=parseInt(await Toplam_Kısa_Vadeli_Yükümlülükler(driver));\n      let Toplam_Uzun_Vadeli_Yükümlülükler_value=parseInt(await Toplam_Uzun_Vadeli_Yükümlülükler(driver));\n      let Nakit_ve_Nakit_Benzerleri_value=parseInt(await Nakit_ve_Nakit_Benzerleri(driver));\n      const likitOranEsik = 2;\n      \n      let likitoran=(Nakit_ve_Nakit_Benzerleri_value+ticari_alacaklar_value)/Toplam_Kısa_Vadeli_Yükümlülükler_value;\n      addContext(`Likit oran, bir şirketin kısa vadeli borçlarını ödeme yeteneğini gösteren bir finansal orandır`);\n      \n      if(likitOranEsik < likitoran){\n        console.log(`likitOranEsik < likitoran true ${stock}`);\n      }\n      else{\n        console.log(`likitOranEsik < likitoran false${stock}`);\n      }\n      await driver.quit();",
                  "err": {
                    "message": "NoSuchElementError: no such element: Unable to locate element: {\"method\":\"xpath\",\"selector\":\"//*[@id=\"TUPRS\"]/div[5]/div[1]/div/main/div/div/div[3]/div[4]/table[2]/tbody[5]/tr[12]/td[2]/div/span[2]\"}\n  (Session info: chrome=122.0.6261.69)",
                    "estack": "NoSuchElementError: no such element: Unable to locate element: {\"method\":\"xpath\",\"selector\":\"//*[@id=\"TUPRS\"]/div[5]/div[1]/div/main/div/div/div[3]/div[4]/table[2]/tbody[5]/tr[12]/td[2]/div/span[2]\"}\n  (Session info: chrome=122.0.6261.69)\n    at Object.throwDecodedError (node_modules\\selenium-webdriver\\lib\\error.js:524:15)\n    at parseHttpResponse (node_modules\\selenium-webdriver\\lib\\http.js:601:13)\n    at Executor.execute (node_modules\\selenium-webdriver\\lib\\http.js:529:28)\n    at process.processTicksAndRejections (node:internal/process/task_queues:95:5)\n    at async Driver.execute (node_modules\\selenium-webdriver\\lib\\webdriver.js:745:17)\n    at async toplam_oazkayank (test\\financial_statement_values.js:10:31)\n    at async Context.<anonymous> (test\\Prediction.js:217:43)",
                    "diff": null
                  },
                  "uuid": "dab35bf3-4945-456b-8e03-1e1168164e93",
                  "parentUUID": null,
                  "isHook": false,
                  "skipped": false
                }
              ],
              "suites": [],
              "passes": [],
              "failures": [
                "994d7149-2d9f-4766-97ad-89711c7b7576",
                "79049a8e-11fd-4c7f-8d7b-4bf21de8b066",
                "dab35bf3-4945-456b-8e03-1e1168164e93"
              ],
              "pending": [],
              "skipped": [],
              "duration": 11195,
              "root": false,
              "rootEmpty": false,
              "_timeout": null
            }
          ],
          "passes": [],
          "failures": [],
          "pending": [],
          "skipped": [],
          "duration": 0,
          "root": false,
          "rootEmpty": false,
          "_timeout": null
        }
      ],
      "passes": [],
      "failures": [],
      "pending": [],
      "skipped": [],
      "duration": 0,
      "root": true,
      "rootEmpty": true,
      "_timeout": 0
    }
  ],
  "meta": {
    "mocha": {
      "version": "10.2.0"
    },
    "mochawesome": {
      "options": {
        "quiet": false,
        "reportFilename": "mochawesome",
        "saveHtml": true,
        "saveJson": true,
        "consoleReporter": "spec",
        "useInlineDiffs": false,
        "code": true
      },
      "version": "7.1.3"
    },
    "marge": {
      "options": {
        "enableCode": "false"
      },
      "version": "6.2.0"
    }
  }
}